<?xml version="1.0" encoding="UTF-8"?>
<testsuite xmlns:xsi="http://www.w3.org/2001/XMLSchema-instance" xsi:noNamespaceSchemaLocation="https://maven.apache.org/surefire/maven-surefire-plugin/xsd/surefire-test-report.xsd" name="com.ontariotechu.sofe3980U.AppTest" time="0.04" tests="1" errors="0" skipped="0" failures="0">
  <properties>
    <property name="sun.desktop" value="windows"/>
    <property name="awt.toolkit" value="sun.awt.windows.WToolkit"/>
    <property name="java.specification.version" value="11"/>
    <property name="sun.cpu.isalist" value="amd64"/>
    <property name="sun.jnu.encoding" value="Cp1252"/>
    <property name="java.class.path" value="C:\Users\ziaMh\Documents\1Software Engineering\Third Year\Winter\D1-ProjectDev1-Maven\BinaryCalculator\target\test-classes;C:\Users\ziaMh\Documents\1Software Engineering\Third Year\Winter\D1-ProjectDev1-Maven\BinaryCalculator\target\classes;C:\Users\ziaMh\.m2\repository\joda-time\joda-time\2.9.2\joda-time-2.9.2.jar;C:\Users\ziaMh\.m2\repository\junit\junit\4.11\junit-4.11.jar;C:\Users\ziaMh\.m2\repository\org\hamcrest\hamcrest-core\1.3\hamcrest-core-1.3.jar;"/>
    <property name="java.vm.vendor" value="AdoptOpenJDK"/>
    <property name="sun.arch.data.model" value="64"/>
    <property name="user.variant" value=""/>
    <property name="java.vendor.url" value="https://adoptopenjdk.net/"/>
    <property name="user.timezone" value="America/New_York"/>
    <property name="java.vm.specification.version" value="11"/>
    <property name="os.name" value="Windows 10"/>
    <property name="sun.java.launcher" value="SUN_STANDARD"/>
    <property name="user.country" value="CA"/>
    <property name="sun.boot.library.path" value="C:\Users\ziaMh\AppData\Local\Programs\AdoptOpenJDK\bin"/>
    <property name="sun.java.command" value="C:\Users\ziaMh\AppData\Local\Temp\surefire6649503701950942404\surefirebooter10716882758497449260.jar C:\Users\ziaMh\AppData\Local\Temp\surefire6649503701950942404 2023-01-24T19-11-33_681-jvmRun1 surefire9874760352711624925tmp surefire_011048015442461956184tmp"/>
    <property name="jdk.debug" value="release"/>
    <property name="surefire.test.class.path" value="C:\Users\ziaMh\Documents\1Software Engineering\Third Year\Winter\D1-ProjectDev1-Maven\BinaryCalculator\target\test-classes;C:\Users\ziaMh\Documents\1Software Engineering\Third Year\Winter\D1-ProjectDev1-Maven\BinaryCalculator\target\classes;C:\Users\ziaMh\.m2\repository\joda-time\joda-time\2.9.2\joda-time-2.9.2.jar;C:\Users\ziaMh\.m2\repository\junit\junit\4.11\junit-4.11.jar;C:\Users\ziaMh\.m2\repository\org\hamcrest\hamcrest-core\1.3\hamcrest-core-1.3.jar;"/>
    <property name="sun.cpu.endian" value="little"/>
    <property name="user.home" value="C:\Users\ziaMh"/>
    <property name="user.language" value="en"/>
    <property name="java.specification.vendor" value="Oracle Corporation"/>
    <property name="java.version.date" value="2020-01-14"/>
    <property name="java.home" value="C:\Users\ziaMh\AppData\Local\Programs\AdoptOpenJDK"/>
    <property name="file.separator" value="\"/>
    <property name="basedir" value="C:\Users\ziaMh\Documents\1Software Engineering\Third Year\Winter\D1-ProjectDev1-Maven\BinaryCalculator"/>
    <property name="java.vm.compressedOopsMode" value="Zero based"/>
    <property name="line.separator" value="&#10;"/>
    <property name="java.specification.name" value="Java Platform API Specification"/>
    <property name="java.vm.specification.vendor" value="Oracle Corporation"/>
    <property name="java.awt.graphicsenv" value="sun.awt.Win32GraphicsEnvironment"/>
    <property name="surefire.real.class.path" value="C:\Users\ziaMh\AppData\Local\Temp\surefire6649503701950942404\surefirebooter10716882758497449260.jar"/>
    <property name="user.script" value=""/>
    <property name="sun.management.compiler" value="HotSpot 64-Bit Tiered Compilers"/>
    <property name="java.runtime.version" value="11.0.6+10"/>
    <property name="user.name" value="ziaMh"/>
    <property name="path.separator" value=";"/>
    <property name="os.version" value="10.0"/>
    <property name="java.runtime.name" value="OpenJDK Runtime Environment"/>
    <property name="file.encoding" value="Cp1252"/>
    <property name="java.vm.name" value="OpenJDK 64-Bit Server VM"/>
    <property name="java.vendor.version" value="AdoptOpenJDK"/>
    <property name="localRepository" value="C:\Users\ziaMh\.m2\repository"/>
    <property name="java.vendor.url.bug" value="https://github.com/AdoptOpenJDK/openjdk-support/issues"/>
    <property name="java.io.tmpdir" value="C:\Users\ziaMh\AppData\Local\Temp\"/>
    <property name="java.version" value="11.0.6"/>
    <property name="user.dir" value="C:\Users\ziaMh\Documents\1Software Engineering\Third Year\Winter\D1-ProjectDev1-Maven\BinaryCalculator"/>
    <property name="os.arch" value="amd64"/>
    <property name="java.vm.specification.name" value="Java Virtual Machine Specification"/>
    <property name="java.awt.printerjob" value="sun.awt.windows.WPrinterJob"/>
    <property name="sun.os.patch.level" value=""/>
    <property name="java.library.path" value="C:\Users\ziaMh\AppData\Local\Programs\AdoptOpenJDK\bin;C:\WINDOWS\Sun\Java\bin;C:\WINDOWS\system32;C:\WINDOWS;C:\Program Files\Common Files\Oracle\Java\javapath;C:\Program Files (x86)\Razer Chroma SDK\bin;C:\Program Files\Razer Chroma SDK\bin;C:\Program Files (x86)\Razer\ChromaBroadcast\bin;C:\Program Files\Razer\ChromaBroadcast\bin;C:\Windows\system32;C:\Windows;C:\Windows\System32\Wbem;C:\Windows\System32\WindowsPowerShell\v1.0\;C:\Windows\System32\OpenSSH\;C:\Program Files\NVIDIA Corporation\NVIDIA NvDLISR;C:\Program Files\Intel\WiFi\bin\;C:\Program Files\Common Files\Intel\WirelessCommon\;C:\Users\ziaMh\.dnx\bin;C:\Program Files\Microsoft DNX\Dnvm\;C:\Program Files\Microsoft SQL Server\130\Tools\Binn\;C:\Program Files\Git\cmd;C:\Windows\system32\config\systemprofile\AppData\Local\Microsoft\WindowsApps;C:\Windows\system32\config\systemprofile\.dnx\bin;C:\WINDOWS\system32;C:\WINDOWS;C:\WINDOWS\System32\Wbem;C:\WINDOWS\System32\WindowsPowerShell\v1.0\;C:\WINDOWS\System32\OpenSSH\;C:\Program Files (x86)\IVI Foundation\VISA\WinNT\Bin\;C:\Program Files\IVI Foundation\VISA\Win64\Bin\;C:\Program Files (x86)\National Instruments\Shared\LabVIEW CLI;C:\Program Files (x86)\IVI Foundation\VISA\WinNT\Bin;C:\Program Files\Microsoft SQL Server\Client SDK\ODBC\110\Tools\Binn\;C:\Program Files (x86)\Microsoft SQL Server\120\Tools\Binn\;C:\Program Files\Microsoft SQL Server\120\Tools\Binn\;C:\Program Files\Microsoft SQL Server\120\DTS\Binn\;C:\Program Files (x86)\Windows Kits\8.1\Windows Performance Toolkit\;C:\Program Files\dotnet\;C:\Program Files\Microsoft SQL Server\Client SDK\ODBC\170\Tools\Binn\;C:\Program Files\nodejs\;C:\Program Files\MATLAB\R2021a\runtime\win64;C:\Program Files\MATLAB\R2021a\bin;c:\Xilinx\bin\nt;C:\Program Files\SASHome\SASFoundation\9.4\ets\sasexe;C:\Program Files\SASHome\Secure\ccme4;C:\Program Files\Git LFS;C:\Program Files\Maven\apache-maven-3.8.7\bin;C:\Users\ziaMh\anaconda3;C:\Users\ziaMh\anaconda3\Library\mingw-w64\bin;C:\Users\ziaMh\anaconda3\Library\usr\bin;C:\Users\ziaMh\anaconda3\Library\bin;C:\Users\ziaMh\anaconda3\Scripts;C:\Users\ziaMh\AppData\Local\Programs\Python\Python39\Scripts\;C:\Users\ziaMh\AppData\Local\Programs\Python\Python39\;C:\Users\ziaMh\AppData\Local\Programs\AdoptOpenJDK\bin;C:\Users\ziaMh\AppData\Local\Microsoft\WindowsApps;C:\Users\ziaMh\AppData\Local\Programs\Microsoft VS Code\bin;C:\Users\ziaMh\.dotnet\tools;C:\Users\ziaMh\AppData\Roaming\npm;C:\Program Files\mingw-w64\x86_64-8.1.0-posix-seh-rt_v6-rev0\mingw64\bin;C:\Program Files\mingw-w64\x86_64-8.1.0-posix-seh-rt_v6-rev0;C:\Users\ziaMh\AppData\Local\GitHubDesktop\bin;."/>
    <property name="java.vendor" value="AdoptOpenJDK"/>
    <property name="java.vm.info" value="mixed mode"/>
    <property name="java.vm.version" value="11.0.6+10"/>
    <property name="sun.io.unicode.encoding" value="UnicodeLittle"/>
    <property name="java.class.version" value="55.0"/>
  </properties>
  <testcase name="shouldAnswerWithTrue" classname="com.ontariotechu.sofe3980U.AppTest" time="0.002"/>
</testsuite>